

Started GET "/" for 127.0.0.1 at 2014-12-08 23:54:24 +0900
Processing by Rails::WelcomeController#index as HTML
  Rendered /Users/katagirimaya/.rbenv/versions/2.0.0-p481/lib/ruby/gems/2.0.0/gems/railties-4.1.4/lib/rails/templates/rails/welcome/index.html.erb (2.1ms)
Completed 200 OK in 37ms (Views: 16.0ms | ActiveRecord: 0.0ms)


Started GET "/" for 127.0.0.1 at 2014-12-09 14:24:18 +0900
Processing by Rails::WelcomeController#index as HTML
  Rendered /Users/katagirimaya/.rbenv/versions/2.0.0-p481/lib/ruby/gems/2.0.0/gems/railties-4.1.4/lib/rails/templates/rails/welcome/index.html.erb (2.7ms)
Completed 200 OK in 20ms (Views: 14.7ms | ActiveRecord: 0.0ms)


Started GET "/" for 127.0.0.1 at 2014-12-09 14:24:20 +0900
Processing by Rails::WelcomeController#index as HTML
  Rendered /Users/katagirimaya/.rbenv/versions/2.0.0-p481/lib/ruby/gems/2.0.0/gems/railties-4.1.4/lib/rails/templates/rails/welcome/index.html.erb (0.1ms)
Completed 200 OK in 2ms (Views: 1.5ms | ActiveRecord: 0.0ms)


Started GET "/" for 127.0.0.1 at 2014-12-09 15:14:52 +0900
Processing by Rails::WelcomeController#index as HTML
  Rendered /Users/katagirimaya/.rbenv/versions/2.0.0-p481/lib/ruby/gems/2.0.0/gems/railties-4.1.4/lib/rails/templates/rails/welcome/index.html.erb (2.9ms)
Completed 200 OK in 27ms (Views: 13.4ms | ActiveRecord: 0.0ms)


Started GET "/" for 127.0.0.1 at 2014-12-09 15:16:49 +0900

SyntaxError (/Users/katagirimaya/rails_projects/visualemotion/config/routes.rb:1: syntax error, unexpected '.', expecting '('
VisualEmotion::.Application.routes.draw do
                ^):
  config/routes.rb:1: syntax error, unexpected '.', expecting '('


  Rendered /Users/katagirimaya/.rbenv/versions/2.0.0-p481/lib/ruby/gems/2.0.0/gems/actionpack-4.1.4/lib/action_dispatch/middleware/templates/rescues/_source.erb (0.8ms)
  Rendered /Users/katagirimaya/.rbenv/versions/2.0.0-p481/lib/ruby/gems/2.0.0/gems/actionpack-4.1.4/lib/action_dispatch/middleware/templates/rescues/_trace.html.erb (2.0ms)
  Rendered /Users/katagirimaya/.rbenv/versions/2.0.0-p481/lib/ruby/gems/2.0.0/gems/actionpack-4.1.4/lib/action_dispatch/middleware/templates/rescues/_request_and_response.html.erb (1.4ms)
  Rendered /Users/katagirimaya/.rbenv/versions/2.0.0-p481/lib/ruby/gems/2.0.0/gems/actionpack-4.1.4/lib/action_dispatch/middleware/templates/rescues/diagnostics.erb within rescues/layout (28.2ms)


Started GET "/" for 127.0.0.1 at 2014-12-09 15:17:18 +0900

NameError (uninitialized constant VisualEmotion):
  config/routes.rb:1:in `<top (required)>'


  Rendered /Users/katagirimaya/.rbenv/versions/2.0.0-p481/lib/ruby/gems/2.0.0/gems/actionpack-4.1.4/lib/action_dispatch/middleware/templates/rescues/_source.erb (0.8ms)
  Rendered /Users/katagirimaya/.rbenv/versions/2.0.0-p481/lib/ruby/gems/2.0.0/gems/actionpack-4.1.4/lib/action_dispatch/middleware/templates/rescues/_trace.html.erb (1.4ms)
  Rendered /Users/katagirimaya/.rbenv/versions/2.0.0-p481/lib/ruby/gems/2.0.0/gems/actionpack-4.1.4/lib/action_dispatch/middleware/templates/rescues/_request_and_response.html.erb (1.3ms)
  Rendered /Users/katagirimaya/.rbenv/versions/2.0.0-p481/lib/ruby/gems/2.0.0/gems/actionpack-4.1.4/lib/action_dispatch/middleware/templates/rescues/diagnostics.erb within rescues/layout (20.0ms)


Started GET "/" for 127.0.0.1 at 2014-12-09 15:20:05 +0900

ActionController::RoutingError (No route matches [GET] "/"):
  actionpack (4.1.4) lib/action_dispatch/middleware/debug_exceptions.rb:21:in `call'
  actionpack (4.1.4) lib/action_dispatch/middleware/show_exceptions.rb:30:in `call'
  railties (4.1.4) lib/rails/rack/logger.rb:38:in `call_app'
  railties (4.1.4) lib/rails/rack/logger.rb:20:in `block in call'
  activesupport (4.1.4) lib/active_support/tagged_logging.rb:68:in `block in tagged'
  activesupport (4.1.4) lib/active_support/tagged_logging.rb:26:in `tagged'
  activesupport (4.1.4) lib/active_support/tagged_logging.rb:68:in `tagged'
  railties (4.1.4) lib/rails/rack/logger.rb:20:in `call'
  actionpack (4.1.4) lib/action_dispatch/middleware/request_id.rb:21:in `call'
  rack (1.5.2) lib/rack/methodoverride.rb:21:in `call'
  rack (1.5.2) lib/rack/runtime.rb:17:in `call'
  activesupport (4.1.4) lib/active_support/cache/strategy/local_cache_middleware.rb:26:in `call'
  rack (1.5.2) lib/rack/lock.rb:17:in `call'
  actionpack (4.1.4) lib/action_dispatch/middleware/static.rb:64:in `call'
  rack (1.5.2) lib/rack/sendfile.rb:112:in `call'
  railties (4.1.4) lib/rails/engine.rb:514:in `call'
  railties (4.1.4) lib/rails/application.rb:144:in `call'
  rack (1.5.2) lib/rack/lock.rb:17:in `call'
  rack (1.5.2) lib/rack/content_length.rb:14:in `call'
  rack (1.5.2) lib/rack/handler/webrick.rb:60:in `service'
  /Users/katagirimaya/.rbenv/versions/2.0.0-p481/lib/ruby/2.0.0/webrick/httpserver.rb:138:in `service'
  /Users/katagirimaya/.rbenv/versions/2.0.0-p481/lib/ruby/2.0.0/webrick/httpserver.rb:94:in `run'
  /Users/katagirimaya/.rbenv/versions/2.0.0-p481/lib/ruby/2.0.0/webrick/server.rb:295:in `block in start_thread'


  Rendered /Users/katagirimaya/.rbenv/versions/2.0.0-p481/lib/ruby/gems/2.0.0/gems/actionpack-4.1.4/lib/action_dispatch/middleware/templates/rescues/_trace.html.erb (1.7ms)
  Rendered /Users/katagirimaya/.rbenv/versions/2.0.0-p481/lib/ruby/gems/2.0.0/gems/actionpack-4.1.4/lib/action_dispatch/middleware/templates/routes/_table.html.erb (8.9ms)
  Rendered /Users/katagirimaya/.rbenv/versions/2.0.0-p481/lib/ruby/gems/2.0.0/gems/actionpack-4.1.4/lib/action_dispatch/middleware/templates/rescues/routing_error.html.erb within rescues/layout (32.2ms)


Started GET "/landing/index" for 127.0.0.1 at 2014-12-09 15:35:09 +0900
Processing by LandingController#index as HTML
  Rendered landing/index.html.erb within layouts/application (0.5ms)
Completed 200 OK in 1556ms (Views: 1555.5ms | ActiveRecord: 0.0ms)


Started GET "/assets/landing.css?body=1" for 127.0.0.1 at 2014-12-09 15:35:11 +0900


Started GET "/assets/landing.js?body=1" for 127.0.0.1 at 2014-12-09 15:35:11 +0900


Started GET "/assets/jquery.js?body=1" for 127.0.0.1 at 2014-12-09 15:35:11 +0900


Started GET "/assets/application.css?body=1" for 127.0.0.1 at 2014-12-09 15:35:11 +0900


Started GET "/assets/jquery_ujs.js?body=1" for 127.0.0.1 at 2014-12-09 15:35:11 +0900


Started GET "/assets/turbolinks.js?body=1" for 127.0.0.1 at 2014-12-09 15:35:11 +0900


Started GET "/assets/application.js?body=1" for 127.0.0.1 at 2014-12-09 15:35:11 +0900


Started GET "/landing/index" for 127.0.0.1 at 2014-12-09 15:57:11 +0900

ActionController::RoutingError (No route matches [GET] "/landing/index"):
  actionpack (4.1.4) lib/action_dispatch/middleware/debug_exceptions.rb:21:in `call'
  actionpack (4.1.4) lib/action_dispatch/middleware/show_exceptions.rb:30:in `call'
  railties (4.1.4) lib/rails/rack/logger.rb:38:in `call_app'
  railties (4.1.4) lib/rails/rack/logger.rb:20:in `block in call'
  activesupport (4.1.4) lib/active_support/tagged_logging.rb:68:in `block in tagged'
  activesupport (4.1.4) lib/active_support/tagged_logging.rb:26:in `tagged'
  activesupport (4.1.4) lib/active_support/tagged_logging.rb:68:in `tagged'
  railties (4.1.4) lib/rails/rack/logger.rb:20:in `call'
  actionpack (4.1.4) lib/action_dispatch/middleware/request_id.rb:21:in `call'
  rack (1.5.2) lib/rack/methodoverride.rb:21:in `call'
  rack (1.5.2) lib/rack/runtime.rb:17:in `call'
  activesupport (4.1.4) lib/active_support/cache/strategy/local_cache_middleware.rb:26:in `call'
  rack (1.5.2) lib/rack/lock.rb:17:in `call'
  actionpack (4.1.4) lib/action_dispatch/middleware/static.rb:64:in `call'
  rack (1.5.2) lib/rack/sendfile.rb:112:in `call'
  railties (4.1.4) lib/rails/engine.rb:514:in `call'
  railties (4.1.4) lib/rails/application.rb:144:in `call'
  rack (1.5.2) lib/rack/lock.rb:17:in `call'
  rack (1.5.2) lib/rack/content_length.rb:14:in `call'
  rack (1.5.2) lib/rack/handler/webrick.rb:60:in `service'
  /Users/katagirimaya/.rbenv/versions/2.0.0-p481/lib/ruby/2.0.0/webrick/httpserver.rb:138:in `service'
  /Users/katagirimaya/.rbenv/versions/2.0.0-p481/lib/ruby/2.0.0/webrick/httpserver.rb:94:in `run'
  /Users/katagirimaya/.rbenv/versions/2.0.0-p481/lib/ruby/2.0.0/webrick/server.rb:295:in `block in start_thread'


  Rendered /Users/katagirimaya/.rbenv/versions/2.0.0-p481/lib/ruby/gems/2.0.0/gems/actionpack-4.1.4/lib/action_dispatch/middleware/templates/rescues/_trace.html.erb (2.0ms)
  Rendered /Users/katagirimaya/.rbenv/versions/2.0.0-p481/lib/ruby/gems/2.0.0/gems/actionpack-4.1.4/lib/action_dispatch/middleware/templates/routes/_route.html.erb (1.3ms)
  Rendered /Users/katagirimaya/.rbenv/versions/2.0.0-p481/lib/ruby/gems/2.0.0/gems/actionpack-4.1.4/lib/action_dispatch/middleware/templates/routes/_table.html.erb (3.6ms)
  Rendered /Users/katagirimaya/.rbenv/versions/2.0.0-p481/lib/ruby/gems/2.0.0/gems/actionpack-4.1.4/lib/action_dispatch/middleware/templates/rescues/routing_error.html.erb within rescues/layout (32.1ms)


Started GET "/landing/index" for 127.0.0.1 at 2014-12-09 15:57:46 +0900

ActionController::RoutingError (No route matches [GET] "/landing/index"):
  actionpack (4.1.4) lib/action_dispatch/middleware/debug_exceptions.rb:21:in `call'
  actionpack (4.1.4) lib/action_dispatch/middleware/show_exceptions.rb:30:in `call'
  railties (4.1.4) lib/rails/rack/logger.rb:38:in `call_app'
  railties (4.1.4) lib/rails/rack/logger.rb:20:in `block in call'
  activesupport (4.1.4) lib/active_support/tagged_logging.rb:68:in `block in tagged'
  activesupport (4.1.4) lib/active_support/tagged_logging.rb:26:in `tagged'
  activesupport (4.1.4) lib/active_support/tagged_logging.rb:68:in `tagged'
  railties (4.1.4) lib/rails/rack/logger.rb:20:in `call'
  actionpack (4.1.4) lib/action_dispatch/middleware/request_id.rb:21:in `call'
  rack (1.5.2) lib/rack/methodoverride.rb:21:in `call'
  rack (1.5.2) lib/rack/runtime.rb:17:in `call'
  activesupport (4.1.4) lib/active_support/cache/strategy/local_cache_middleware.rb:26:in `call'
  rack (1.5.2) lib/rack/lock.rb:17:in `call'
  actionpack (4.1.4) lib/action_dispatch/middleware/static.rb:64:in `call'
  rack (1.5.2) lib/rack/sendfile.rb:112:in `call'
  railties (4.1.4) lib/rails/engine.rb:514:in `call'
  railties (4.1.4) lib/rails/application.rb:144:in `call'
  rack (1.5.2) lib/rack/lock.rb:17:in `call'
  rack (1.5.2) lib/rack/content_length.rb:14:in `call'
  rack (1.5.2) lib/rack/handler/webrick.rb:60:in `service'
  /Users/katagirimaya/.rbenv/versions/2.0.0-p481/lib/ruby/2.0.0/webrick/httpserver.rb:138:in `service'
  /Users/katagirimaya/.rbenv/versions/2.0.0-p481/lib/ruby/2.0.0/webrick/httpserver.rb:94:in `run'
  /Users/katagirimaya/.rbenv/versions/2.0.0-p481/lib/ruby/2.0.0/webrick/server.rb:295:in `block in start_thread'


  Rendered /Users/katagirimaya/.rbenv/versions/2.0.0-p481/lib/ruby/gems/2.0.0/gems/actionpack-4.1.4/lib/action_dispatch/middleware/templates/rescues/_trace.html.erb (1.4ms)
  Rendered /Users/katagirimaya/.rbenv/versions/2.0.0-p481/lib/ruby/gems/2.0.0/gems/actionpack-4.1.4/lib/action_dispatch/middleware/templates/routes/_route.html.erb (0.8ms)
  Rendered /Users/katagirimaya/.rbenv/versions/2.0.0-p481/lib/ruby/gems/2.0.0/gems/actionpack-4.1.4/lib/action_dispatch/middleware/templates/routes/_table.html.erb (1.1ms)
  Rendered /Users/katagirimaya/.rbenv/versions/2.0.0-p481/lib/ruby/gems/2.0.0/gems/actionpack-4.1.4/lib/action_dispatch/middleware/templates/rescues/routing_error.html.erb within rescues/layout (19.4ms)


Started GET "/landing/index" for 127.0.0.1 at 2014-12-09 15:57:46 +0900

ActionController::RoutingError (No route matches [GET] "/landing/index"):
  actionpack (4.1.4) lib/action_dispatch/middleware/debug_exceptions.rb:21:in `call'
  actionpack (4.1.4) lib/action_dispatch/middleware/show_exceptions.rb:30:in `call'
  railties (4.1.4) lib/rails/rack/logger.rb:38:in `call_app'
  railties (4.1.4) lib/rails/rack/logger.rb:20:in `block in call'
  activesupport (4.1.4) lib/active_support/tagged_logging.rb:68:in `block in tagged'
  activesupport (4.1.4) lib/active_support/tagged_logging.rb:26:in `tagged'
  activesupport (4.1.4) lib/active_support/tagged_logging.rb:68:in `tagged'
  railties (4.1.4) lib/rails/rack/logger.rb:20:in `call'
  actionpack (4.1.4) lib/action_dispatch/middleware/request_id.rb:21:in `call'
  rack (1.5.2) lib/rack/methodoverride.rb:21:in `call'
  rack (1.5.2) lib/rack/runtime.rb:17:in `call'
  activesupport (4.1.4) lib/active_support/cache/strategy/local_cache_middleware.rb:26:in `call'
  rack (1.5.2) lib/rack/lock.rb:17:in `call'
  actionpack (4.1.4) lib/action_dispatch/middleware/static.rb:64:in `call'
  rack (1.5.2) lib/rack/sendfile.rb:112:in `call'
  railties (4.1.4) lib/rails/engine.rb:514:in `call'
  railties (4.1.4) lib/rails/application.rb:144:in `call'
  rack (1.5.2) lib/rack/lock.rb:17:in `call'
  rack (1.5.2) lib/rack/content_length.rb:14:in `call'
  rack (1.5.2) lib/rack/handler/webrick.rb:60:in `service'
  /Users/katagirimaya/.rbenv/versions/2.0.0-p481/lib/ruby/2.0.0/webrick/httpserver.rb:138:in `service'
  /Users/katagirimaya/.rbenv/versions/2.0.0-p481/lib/ruby/2.0.0/webrick/httpserver.rb:94:in `run'
  /Users/katagirimaya/.rbenv/versions/2.0.0-p481/lib/ruby/2.0.0/webrick/server.rb:295:in `block in start_thread'


  Rendered /Users/katagirimaya/.rbenv/versions/2.0.0-p481/lib/ruby/gems/2.0.0/gems/actionpack-4.1.4/lib/action_dispatch/middleware/templates/rescues/_trace.html.erb (1.1ms)
  Rendered /Users/katagirimaya/.rbenv/versions/2.0.0-p481/lib/ruby/gems/2.0.0/gems/actionpack-4.1.4/lib/action_dispatch/middleware/templates/routes/_route.html.erb (0.7ms)
  Rendered /Users/katagirimaya/.rbenv/versions/2.0.0-p481/lib/ruby/gems/2.0.0/gems/actionpack-4.1.4/lib/action_dispatch/middleware/templates/routes/_table.html.erb (1.0ms)
  Rendered /Users/katagirimaya/.rbenv/versions/2.0.0-p481/lib/ruby/gems/2.0.0/gems/actionpack-4.1.4/lib/action_dispatch/middleware/templates/rescues/routing_error.html.erb within rescues/layout (165.1ms)
DEPRECATION WARNING: You didn't set config.secret_key_base. Read the upgrade documentation to learn more about this new config option. (called from service at /Users/katagirimaya/.rbenv/versions/2.0.0-p481/lib/ruby/2.0.0/webrick/httpserver.rb:138)
DEPRECATION WARNING: You didn't set config.secret_key_base. Read the upgrade documentation to learn more about this new config option. (called from service at /Users/katagirimaya/.rbenv/versions/2.0.0-p481/lib/ruby/2.0.0/webrick/httpserver.rb:138)
DEPRECATION WARNING: You didn't set config.secret_key_base. Read the upgrade documentation to learn more about this new config option. (called from service at /Users/katagirimaya/.rbenv/versions/2.0.0-p481/lib/ruby/2.0.0/webrick/httpserver.rb:138)
DEPRECATION WARNING: You didn't set config.secret_key_base. Read the upgrade documentation to learn more about this new config option. (called from service at /Users/katagirimaya/.rbenv/versions/2.0.0-p481/lib/ruby/2.0.0/webrick/httpserver.rb:138)


Started GET "/landing/index" for 127.0.0.1 at 2014-12-09 16:02:15 +0900

ActionController::RoutingError (No route matches [GET] "/landing/index"):
  actionpack (4.0.5) lib/action_dispatch/middleware/debug_exceptions.rb:21:in `call'
  actionpack (4.0.5) lib/action_dispatch/middleware/show_exceptions.rb:30:in `call'
  railties (4.0.5) lib/rails/rack/logger.rb:38:in `call_app'
  railties (4.0.5) lib/rails/rack/logger.rb:20:in `block in call'
  activesupport (4.0.5) lib/active_support/tagged_logging.rb:68:in `block in tagged'
  activesupport (4.0.5) lib/active_support/tagged_logging.rb:26:in `tagged'
  activesupport (4.0.5) lib/active_support/tagged_logging.rb:68:in `tagged'
  railties (4.0.5) lib/rails/rack/logger.rb:20:in `call'
  quiet_assets (1.0.3) lib/quiet_assets.rb:23:in `call_with_quiet_assets'
  actionpack (4.0.5) lib/action_dispatch/middleware/request_id.rb:21:in `call'
  rack (1.5.2) lib/rack/methodoverride.rb:21:in `call'
  rack (1.5.2) lib/rack/runtime.rb:17:in `call'
  activesupport (4.0.5) lib/active_support/cache/strategy/local_cache.rb:83:in `call'
  rack (1.5.2) lib/rack/lock.rb:17:in `call'
  actionpack (4.0.5) lib/action_dispatch/middleware/static.rb:64:in `call'
  rack (1.5.2) lib/rack/sendfile.rb:112:in `call'
  railties (4.0.5) lib/rails/engine.rb:511:in `call'
  railties (4.0.5) lib/rails/application.rb:97:in `call'
  rack (1.5.2) lib/rack/lock.rb:17:in `call'
  rack (1.5.2) lib/rack/content_length.rb:14:in `call'
  rack (1.5.2) lib/rack/handler/webrick.rb:60:in `service'
  /Users/katagirimaya/.rbenv/versions/2.0.0-p481/lib/ruby/2.0.0/webrick/httpserver.rb:138:in `service'
  /Users/katagirimaya/.rbenv/versions/2.0.0-p481/lib/ruby/2.0.0/webrick/httpserver.rb:94:in `run'
  /Users/katagirimaya/.rbenv/versions/2.0.0-p481/lib/ruby/2.0.0/webrick/server.rb:295:in `block in start_thread'


  Rendered /Users/katagirimaya/.rbenv/versions/2.0.0-p481/lib/ruby/gems/2.0.0/gems/actionpack-4.0.5/lib/action_dispatch/middleware/templates/rescues/_trace.erb (1.3ms)
  Rendered /Users/katagirimaya/.rbenv/versions/2.0.0-p481/lib/ruby/gems/2.0.0/gems/actionpack-4.0.5/lib/action_dispatch/middleware/templates/routes/_route.html.erb (0.7ms)
  Rendered /Users/katagirimaya/.rbenv/versions/2.0.0-p481/lib/ruby/gems/2.0.0/gems/actionpack-4.0.5/lib/action_dispatch/middleware/templates/routes/_table.html.erb (5.5ms)
  Rendered /Users/katagirimaya/.rbenv/versions/2.0.0-p481/lib/ruby/gems/2.0.0/gems/actionpack-4.0.5/lib/action_dispatch/middleware/templates/rescues/routing_error.erb within rescues/layout (31.7ms)


Started GET "/" for 127.0.0.1 at 2014-12-09 16:02:51 +0900
Processing by Rails::WelcomeController#index as HTML
  Rendered /Users/katagirimaya/.rbenv/versions/2.0.0-p481/lib/ruby/gems/2.0.0/gems/railties-4.0.5/lib/rails/templates/rails/welcome/index.html.erb (0.9ms)
Completed 200 OK in 6ms (Views: 4.9ms | ActiveRecord: 0.0ms)


Started GET "/index" for 127.0.0.1 at 2014-12-09 16:02:57 +0900

ActionController::RoutingError (No route matches [GET] "/index"):
  actionpack (4.0.5) lib/action_dispatch/middleware/debug_exceptions.rb:21:in `call'
  actionpack (4.0.5) lib/action_dispatch/middleware/show_exceptions.rb:30:in `call'
  railties (4.0.5) lib/rails/rack/logger.rb:38:in `call_app'
  railties (4.0.5) lib/rails/rack/logger.rb:20:in `block in call'
  activesupport (4.0.5) lib/active_support/tagged_logging.rb:68:in `block in tagged'
  activesupport (4.0.5) lib/active_support/tagged_logging.rb:26:in `tagged'
  activesupport (4.0.5) lib/active_support/tagged_logging.rb:68:in `tagged'
  railties (4.0.5) lib/rails/rack/logger.rb:20:in `call'
  quiet_assets (1.0.3) lib/quiet_assets.rb:23:in `call_with_quiet_assets'
  actionpack (4.0.5) lib/action_dispatch/middleware/request_id.rb:21:in `call'
  rack (1.5.2) lib/rack/methodoverride.rb:21:in `call'
  rack (1.5.2) lib/rack/runtime.rb:17:in `call'
  activesupport (4.0.5) lib/active_support/cache/strategy/local_cache.rb:83:in `call'
  rack (1.5.2) lib/rack/lock.rb:17:in `call'
  actionpack (4.0.5) lib/action_dispatch/middleware/static.rb:64:in `call'
  rack (1.5.2) lib/rack/sendfile.rb:112:in `call'
  railties (4.0.5) lib/rails/engine.rb:511:in `call'
  railties (4.0.5) lib/rails/application.rb:97:in `call'
  rack (1.5.2) lib/rack/lock.rb:17:in `call'
  rack (1.5.2) lib/rack/content_length.rb:14:in `call'
  rack (1.5.2) lib/rack/handler/webrick.rb:60:in `service'
  /Users/katagirimaya/.rbenv/versions/2.0.0-p481/lib/ruby/2.0.0/webrick/httpserver.rb:138:in `service'
  /Users/katagirimaya/.rbenv/versions/2.0.0-p481/lib/ruby/2.0.0/webrick/httpserver.rb:94:in `run'
  /Users/katagirimaya/.rbenv/versions/2.0.0-p481/lib/ruby/2.0.0/webrick/server.rb:295:in `block in start_thread'


  Rendered /Users/katagirimaya/.rbenv/versions/2.0.0-p481/lib/ruby/gems/2.0.0/gems/actionpack-4.0.5/lib/action_dispatch/middleware/templates/rescues/_trace.erb (1.7ms)
  Rendered /Users/katagirimaya/.rbenv/versions/2.0.0-p481/lib/ruby/gems/2.0.0/gems/actionpack-4.0.5/lib/action_dispatch/middleware/templates/routes/_route.html.erb (0.9ms)
  Rendered /Users/katagirimaya/.rbenv/versions/2.0.0-p481/lib/ruby/gems/2.0.0/gems/actionpack-4.0.5/lib/action_dispatch/middleware/templates/routes/_table.html.erb (1.4ms)
  Rendered /Users/katagirimaya/.rbenv/versions/2.0.0-p481/lib/ruby/gems/2.0.0/gems/actionpack-4.0.5/lib/action_dispatch/middleware/templates/rescues/routing_error.erb within rescues/layout (24.6ms)


Started GET "/pages/art" for 127.0.0.1 at 2014-12-09 16:03:06 +0900
Processing by PagesController#art as HTML
  Rendered pages/art.html.erb within layouts/application (0.5ms)
Completed 200 OK in 783ms (Views: 782.1ms | ActiveRecord: 0.0ms)


Started GET "/pages/art" for 127.0.0.1 at 2014-12-09 16:04:18 +0900
Processing by PagesController#art as HTML
  Rendered pages/art.html.erb within layouts/application (0.1ms)
Completed 200 OK in 23ms (Views: 22.5ms | ActiveRecord: 0.0ms)


Started GET "/pages/art" for 127.0.0.1 at 2014-12-09 16:04:51 +0900
Processing by PagesController#art as HTML
  Rendered pages/art.html.erb within layouts/application (0.1ms)
Completed 200 OK in 22ms (Views: 21.9ms | ActiveRecord: 0.0ms)


Started GET "/pages/art" for 127.0.0.1 at 2014-12-09 16:18:01 +0900
Processing by PagesController#art as HTML
  Rendered pages/art.html.erb within layouts/application (0.7ms)
Completed 200 OK in 23ms (Views: 20.5ms | ActiveRecord: 0.0ms)


Started GET "/pages/art" for 127.0.0.1 at 2014-12-09 16:24:13 +0900
Processing by PagesController#art as HTML
  Rendered pages/art.html.erb within layouts/application (3.8ms)
Completed 200 OK in 52ms (Views: 46.0ms | ActiveRecord: 0.0ms)


Started GET "/pages/art" for 127.0.0.1 at 2014-12-09 16:34:54 +0900
Processing by PagesController#art as HTML
  Rendered pages/art.html.erb within layouts/application (0.4ms)
Completed 200 OK in 21ms (Views: 16.7ms | ActiveRecord: 0.0ms)


Started GET "/pages/art" for 127.0.0.1 at 2014-12-09 16:48:24 +0900
Processing by PagesController#art as HTML
  Rendered pages/art.html.erb within layouts/application (0.4ms)
Completed 200 OK in 24ms (Views: 21.8ms | ActiveRecord: 0.0ms)


Started GET "/pages/art" for 127.0.0.1 at 2014-12-09 16:59:52 +0900
Processing by PagesController#art as HTML
  Rendered pages/art.html.erb within layouts/application (0.1ms)
Completed 200 OK in 12ms (Views: 11.5ms | ActiveRecord: 0.0ms)


Started GET "/pages/art" for 127.0.0.1 at 2014-12-09 17:00:22 +0900
Processing by PagesController#art as HTML
  Rendered pages/art.html.erb within layouts/application (0.1ms)
Completed 200 OK in 17ms (Views: 16.1ms | ActiveRecord: 0.0ms)


Started GET "/pages/art" for 127.0.0.1 at 2014-12-09 17:01:19 +0900
Processing by PagesController#art as HTML
  Rendered pages/art.html.erb within layouts/application (0.1ms)
Completed 200 OK in 20ms (Views: 19.1ms | ActiveRecord: 0.0ms)


Started GET "/pages/art" for 127.0.0.1 at 2014-12-09 17:01:21 +0900
Processing by PagesController#art as HTML
  Rendered pages/art.html.erb within layouts/application (0.0ms)
Completed 200 OK in 3ms (Views: 3.0ms | ActiveRecord: 0.0ms)


Started GET "/pages/art" for 127.0.0.1 at 2014-12-09 17:02:52 +0900
Processing by PagesController#art as HTML
  Rendered pages/art.html.erb within layouts/application (0.0ms)
Completed 200 OK in 14ms (Views: 13.1ms | ActiveRecord: 0.0ms)


Started GET "/pages/art" for 127.0.0.1 at 2014-12-09 17:05:31 +0900
Processing by PagesController#art as HTML
  Rendered pages/art.html.erb within layouts/application (0.1ms)
Completed 200 OK in 17ms (Views: 16.5ms | ActiveRecord: 0.0ms)


Started GET "/pages/art" for 127.0.0.1 at 2014-12-09 17:10:28 +0900
Processing by PagesController#art as HTML
  Rendered pages/art.html.erb within layouts/application (0.5ms)
Completed 200 OK in 21ms (Views: 18.7ms | ActiveRecord: 0.0ms)


Started GET "/pages/art" for 127.0.0.1 at 2014-12-09 17:10:30 +0900
Processing by PagesController#art as HTML
  Rendered pages/art.html.erb within layouts/application (0.1ms)
Completed 200 OK in 6ms (Views: 4.5ms | ActiveRecord: 0.0ms)


Started GET "/pages/art" for 127.0.0.1 at 2014-12-09 17:11:33 +0900
Processing by PagesController#art as HTML
  Rendered pages/art.html.erb within layouts/application (0.1ms)
Completed 200 OK in 6ms (Views: 5.2ms | ActiveRecord: 0.0ms)


Started GET "/pages/art" for 127.0.0.1 at 2014-12-09 17:11:34 +0900
Processing by PagesController#art as HTML
  Rendered pages/art.html.erb within layouts/application (0.0ms)
Completed 200 OK in 3ms (Views: 2.9ms | ActiveRecord: 0.0ms)


Started GET "/pages/art" for 127.0.0.1 at 2014-12-09 17:12:39 +0900
Processing by PagesController#art as HTML
  Rendered pages/art.html.erb within layouts/application (0.1ms)
Completed 200 OK in 7ms (Views: 6.4ms | ActiveRecord: 0.0ms)


Started GET "/pages/art" for 127.0.0.1 at 2014-12-09 17:15:02 +0900
Processing by PagesController#art as HTML
  Rendered pages/art.html.erb within layouts/application (0.1ms)
Completed 200 OK in 25ms (Views: 24.2ms | ActiveRecord: 0.0ms)


Started GET "/pages/art" for 127.0.0.1 at 2014-12-09 17:20:30 +0900
Processing by PagesController#art as HTML
  Rendered pages/art.html.erb within layouts/application (0.1ms)
Completed 200 OK in 19ms (Views: 17.7ms | ActiveRecord: 0.0ms)


Started GET "/pages/art" for 127.0.0.1 at 2014-12-09 17:21:12 +0900
Processing by PagesController#art as HTML
  Rendered pages/art.html.erb within layouts/application (0.1ms)
Completed 200 OK in 6ms (Views: 5.0ms | ActiveRecord: 0.0ms)


Started GET "/pages/art" for 127.0.0.1 at 2014-12-09 17:21:23 +0900
Processing by PagesController#art as HTML
  Rendered pages/art.html.erb within layouts/application (0.0ms)
Completed 200 OK in 5ms (Views: 4.8ms | ActiveRecord: 0.0ms)


Started GET "/pages/art" for 127.0.0.1 at 2014-12-09 17:21:45 +0900
Processing by PagesController#art as HTML
  Rendered pages/art.html.erb within layouts/application (0.1ms)
Completed 200 OK in 6ms (Views: 5.2ms | ActiveRecord: 0.0ms)


Started GET "/pages/art" for 127.0.0.1 at 2014-12-09 17:21:47 +0900
Processing by PagesController#art as HTML
  Rendered pages/art.html.erb within layouts/application (0.0ms)
Completed 200 OK in 4ms (Views: 3.8ms | ActiveRecord: 0.0ms)


Started GET "/pages/art" for 127.0.0.1 at 2014-12-09 17:22:02 +0900
Processing by PagesController#art as HTML
  Rendered pages/art.html.erb within layouts/application (0.0ms)
Completed 200 OK in 3ms (Views: 2.9ms | ActiveRecord: 0.0ms)


Started GET "/pages/art" for 127.0.0.1 at 2014-12-09 17:22:21 +0900
Processing by PagesController#art as HTML
  Rendered pages/art.html.erb within layouts/application (0.0ms)
Completed 200 OK in 4ms (Views: 3.6ms | ActiveRecord: 0.0ms)


Started GET "/pages/art" for 127.0.0.1 at 2014-12-09 17:33:38 +0900
Processing by PagesController#art as HTML
  Rendered pages/art.html.erb within layouts/application (0.9ms)
Completed 200 OK in 31ms (Views: 28.1ms | ActiveRecord: 0.0ms)


Started GET "/pages/art" for 127.0.0.1 at 2014-12-09 17:36:35 +0900
Processing by PagesController#art as HTML
  Rendered pages/art.html.erb within layouts/application (0.1ms)
Completed 200 OK in 18ms (Views: 17.2ms | ActiveRecord: 0.0ms)


Started GET "/pages/art" for 127.0.0.1 at 2014-12-09 17:36:37 +0900
Processing by PagesController#art as HTML
  Rendered pages/art.html.erb within layouts/application (0.1ms)
Completed 200 OK in 5ms (Views: 4.8ms | ActiveRecord: 0.0ms)


Started GET "/pages/art" for 127.0.0.1 at 2014-12-09 17:38:01 +0900
Processing by PagesController#art as HTML
  Rendered pages/art.html.erb within layouts/application (0.4ms)
Completed 200 OK in 21ms (Views: 18.6ms | ActiveRecord: 0.0ms)


Started GET "/pages/art" for 127.0.0.1 at 2014-12-09 17:38:03 +0900
Processing by PagesController#art as HTML
  Rendered pages/art.html.erb within layouts/application (0.1ms)
Completed 200 OK in 6ms (Views: 5.3ms | ActiveRecord: 0.0ms)


Started GET "/pages/art" for 127.0.0.1 at 2014-12-09 17:46:17 +0900
Processing by PagesController#art as HTML
  Rendered pages/art.html.erb within layouts/application (1.1ms)
Completed 200 OK in 30ms (Views: 27.8ms | ActiveRecord: 0.0ms)


Started GET "/pages/art" for 127.0.0.1 at 2014-12-09 17:46:54 +0900
Processing by PagesController#art as HTML
  Rendered pages/art.html.erb within layouts/application (0.1ms)
Completed 200 OK in 18ms (Views: 17.3ms | ActiveRecord: 0.0ms)


Started GET "/pages/art" for 127.0.0.1 at 2014-12-09 17:46:58 +0900
Processing by PagesController#art as HTML
  Rendered pages/art.html.erb within layouts/application (0.0ms)
Completed 200 OK in 4ms (Views: 3.7ms | ActiveRecord: 0.0ms)


Started GET "/pages/art" for 127.0.0.1 at 2014-12-09 17:49:52 +0900
Processing by PagesController#art as HTML
  Rendered pages/art.html.erb within layouts/application (0.1ms)
Completed 200 OK in 33ms (Views: 6.1ms | ActiveRecord: 0.0ms)


Started GET "/pages/art" for 127.0.0.1 at 2014-12-09 17:49:54 +0900
Processing by PagesController#art as HTML
  Rendered pages/art.html.erb within layouts/application (0.1ms)
Completed 200 OK in 4ms (Views: 3.6ms | ActiveRecord: 0.0ms)


Started GET "/pages/art" for 127.0.0.1 at 2014-12-09 17:50:52 +0900
Processing by PagesController#art as HTML
  Rendered pages/art.html.erb within layouts/application (0.1ms)
Completed 200 OK in 18ms (Views: 17.2ms | ActiveRecord: 0.0ms)


Started GET "/pages/art" for 127.0.0.1 at 2014-12-09 17:50:55 +0900
Processing by PagesController#art as HTML
  Rendered pages/art.html.erb within layouts/application (0.0ms)
Completed 200 OK in 4ms (Views: 3.6ms | ActiveRecord: 0.0ms)


Started GET "/pages/art" for 127.0.0.1 at 2014-12-09 17:53:47 +0900
Processing by PagesController#art as HTML
  Rendered pages/art.html.erb within layouts/application (0.1ms)
Completed 200 OK in 16ms (Views: 15.4ms | ActiveRecord: 0.0ms)


Started GET "/pages/art" for 127.0.0.1 at 2014-12-09 17:54:21 +0900
Processing by PagesController#art as HTML
  Rendered pages/art.html.erb within layouts/application (0.1ms)
Completed 200 OK in 18ms (Views: 17.8ms | ActiveRecord: 0.0ms)


Started GET "/pages/art" for 127.0.0.1 at 2014-12-09 17:55:30 +0900
Processing by PagesController#art as HTML
  Rendered pages/art.html.erb within layouts/application (0.1ms)
Completed 200 OK in 19ms (Views: 18.9ms | ActiveRecord: 0.0ms)


Started GET "/pages/art" for 127.0.0.1 at 2014-12-09 17:56:20 +0900
Processing by PagesController#art as HTML
  Rendered pages/art.html.erb within layouts/application (0.1ms)
Completed 200 OK in 17ms (Views: 16.0ms | ActiveRecord: 0.0ms)


Started GET "/pages/art" for 127.0.0.1 at 2014-12-09 17:57:38 +0900
Processing by PagesController#art as HTML
  Rendered pages/art.html.erb within layouts/application (0.1ms)
Completed 200 OK in 19ms (Views: 18.5ms | ActiveRecord: 0.0ms)


Started GET "/pages/art" for 127.0.0.1 at 2014-12-09 18:01:26 +0900
Processing by PagesController#art as HTML
  Rendered pages/art.html.erb within layouts/application (0.1ms)
Completed 200 OK in 7ms (Views: 6.4ms | ActiveRecord: 0.0ms)


Started GET "/pages/art" for 127.0.0.1 at 2014-12-09 18:01:50 +0900
Processing by PagesController#art as HTML
  Rendered pages/art.html.erb within layouts/application (0.1ms)
Completed 200 OK in 5ms (Views: 4.4ms | ActiveRecord: 0.0ms)


Started GET "/pages/art" for 127.0.0.1 at 2014-12-09 18:02:05 +0900
Processing by PagesController#art as HTML
  Rendered pages/art.html.erb within layouts/application (0.0ms)
Completed 200 OK in 4ms (Views: 3.3ms | ActiveRecord: 0.0ms)


Started GET "/pages/art" for 127.0.0.1 at 2014-12-09 18:02:17 +0900
Processing by PagesController#art as HTML
  Rendered pages/art.html.erb within layouts/application (0.0ms)
Completed 200 OK in 4ms (Views: 3.6ms | ActiveRecord: 0.0ms)


Started GET "/pages/art" for 127.0.0.1 at 2014-12-09 18:03:22 +0900
Processing by PagesController#art as HTML
  Rendered pages/art.html.erb within layouts/application (0.1ms)
Completed 200 OK in 6ms (Views: 5.4ms | ActiveRecord: 0.0ms)


Started GET "/pages/art" for 127.0.0.1 at 2014-12-09 18:12:02 +0900
Processing by PagesController#art as HTML
  Rendered pages/art.html.erb within layouts/application (0.6ms)
Completed 200 OK in 21ms (Views: 16.4ms | ActiveRecord: 0.0ms)


Started GET "/pages/art" for 127.0.0.1 at 2014-12-09 18:25:09 +0900
Processing by PagesController#art as HTML
  Rendered pages/art.html.erb within layouts/application (0.5ms)
Completed 200 OK in 21ms (Views: 16.2ms | ActiveRecord: 0.0ms)


Started GET "/pages/art" for 127.0.0.1 at 2014-12-09 18:25:50 +0900
Processing by PagesController#art as HTML
  Rendered pages/art.html.erb within layouts/application (0.1ms)
Completed 200 OK in 18ms (Views: 16.9ms | ActiveRecord: 0.0ms)


Started GET "/pages/art" for 127.0.0.1 at 2014-12-09 18:26:06 +0900
Processing by PagesController#art as HTML
  Rendered pages/art.html.erb within layouts/application (0.1ms)
Completed 200 OK in 9ms (Views: 8.0ms | ActiveRecord: 0.0ms)


Started GET "/pages/art" for 127.0.0.1 at 2014-12-09 18:26:09 +0900
Processing by PagesController#art as HTML
  Rendered pages/art.html.erb within layouts/application (0.1ms)
Completed 200 OK in 5ms (Views: 4.4ms | ActiveRecord: 0.0ms)


Started GET "/pages/art" for 127.0.0.1 at 2014-12-09 18:30:42 +0900
Processing by PagesController#art as HTML
  Rendered pages/art.html.erb within layouts/application (0.1ms)
Completed 200 OK in 24ms (Views: 22.9ms | ActiveRecord: 0.0ms)


Started GET "/pages/art" for 127.0.0.1 at 2014-12-09 18:30:43 +0900
Processing by PagesController#art as HTML
  Rendered pages/art.html.erb within layouts/application (0.0ms)
Completed 200 OK in 5ms (Views: 4.2ms | ActiveRecord: 0.0ms)


Started GET "/pages/art" for 127.0.0.1 at 2014-12-09 18:30:44 +0900
Processing by PagesController#art as HTML
  Rendered pages/art.html.erb within layouts/application (0.0ms)
Completed 200 OK in 3ms (Views: 3.0ms | ActiveRecord: 0.0ms)


Started GET "/pages/art" for 127.0.0.1 at 2014-12-09 18:30:44 +0900
Processing by PagesController#art as HTML
  Rendered pages/art.html.erb within layouts/application (0.0ms)
Completed 200 OK in 3ms (Views: 3.2ms | ActiveRecord: 0.0ms)


Started GET "/pages/art" for 127.0.0.1 at 2014-12-09 18:34:22 +0900
Processing by PagesController#art as HTML
  Rendered pages/art.html.erb within layouts/application (0.1ms)
Completed 200 OK in 6ms (Views: 5.0ms | ActiveRecord: 0.0ms)


Started GET "/pages/art" for 127.0.0.1 at 2014-12-09 18:35:24 +0900
Processing by PagesController#art as HTML
  Rendered pages/art.html.erb within layouts/application (0.1ms)
Completed 200 OK in 19ms (Views: 18.0ms | ActiveRecord: 0.0ms)


Started GET "/pages/art" for 127.0.0.1 at 2014-12-09 18:38:35 +0900
Processing by PagesController#art as HTML
  Rendered pages/art.html.erb within layouts/application (1.3ms)
Completed 200 OK in 10ms (Views: 8.9ms | ActiveRecord: 0.0ms)


Started GET "/pages/art" for 127.0.0.1 at 2014-12-09 18:45:09 +0900
Processing by PagesController#art as HTML
  Rendered pages/art.html.erb within layouts/application (0.6ms)
Completed 200 OK in 22ms (Views: 18.8ms | ActiveRecord: 0.0ms)


Started GET "/pages/art" for 127.0.0.1 at 2014-12-09 18:46:07 +0900
Processing by PagesController#art as HTML
  Rendered pages/art.html.erb within layouts/application (0.1ms)
Completed 200 OK in 7ms (Views: 6.8ms | ActiveRecord: 0.0ms)


Started GET "/pages/art" for 127.0.0.1 at 2014-12-09 18:46:08 +0900
Processing by PagesController#art as HTML
  Rendered pages/art.html.erb within layouts/application (0.1ms)
Completed 200 OK in 7ms (Views: 6.1ms | ActiveRecord: 0.0ms)


Started GET "/pages/art" for 127.0.0.1 at 2014-12-09 18:46:52 +0900
Processing by PagesController#art as HTML
  Rendered pages/art.html.erb within layouts/application (0.0ms)
Completed 200 OK in 4ms (Views: 3.2ms | ActiveRecord: 0.0ms)


Started GET "/pages/art" for 127.0.0.1 at 2014-12-09 18:48:00 +0900
Processing by PagesController#art as HTML
  Rendered pages/art.html.erb within layouts/application (0.1ms)
Completed 200 OK in 9ms (Views: 8.6ms | ActiveRecord: 0.0ms)


Started GET "/pages/art" for 127.0.0.1 at 2014-12-09 18:48:43 +0900
Processing by PagesController#art as HTML
  Rendered pages/art.html.erb within layouts/application (0.1ms)
Completed 200 OK in 4ms (Views: 3.3ms | ActiveRecord: 0.0ms)


Started GET "/pages/art" for 127.0.0.1 at 2014-12-09 18:50:01 +0900
Processing by PagesController#art as HTML
  Rendered pages/art.html.erb within layouts/application (0.1ms)
Completed 200 OK in 8ms (Views: 7.0ms | ActiveRecord: 0.0ms)


Started GET "/pages/art" for 127.0.0.1 at 2014-12-09 18:54:04 +0900
Processing by PagesController#art as HTML
  Rendered pages/art.html.erb within layouts/application (13.2ms)
Completed 200 OK in 92ms (Views: 88.1ms | ActiveRecord: 0.0ms)


Started GET "/pages/art" for 127.0.0.1 at 2014-12-09 18:54:46 +0900
Processing by PagesController#art as HTML
  Rendered pages/art.html.erb within layouts/application (0.1ms)
Completed 200 OK in 17ms (Views: 16.6ms | ActiveRecord: 0.0ms)


Started GET "/pages/art" for 127.0.0.1 at 2014-12-09 19:06:21 +0900
Processing by PagesController#art as HTML
  Rendered pages/art.html.erb within layouts/application (0.8ms)
Completed 200 OK in 43ms (Views: 37.6ms | ActiveRecord: 0.0ms)


Started GET "/pages/art" for 127.0.0.1 at 2014-12-09 19:32:21 +0900
Processing by PagesController#art as HTML
  Rendered pages/art.html.erb within layouts/application (0.5ms)
Completed 200 OK in 22ms (Views: 19.0ms | ActiveRecord: 0.0ms)


Started GET "/pages/about" for 127.0.0.1 at 2014-12-09 19:33:25 +0900

ActionController::RoutingError (No route matches [GET] "/pages/about"):
  actionpack (4.0.5) lib/action_dispatch/middleware/debug_exceptions.rb:21:in `call'
  actionpack (4.0.5) lib/action_dispatch/middleware/show_exceptions.rb:30:in `call'
  railties (4.0.5) lib/rails/rack/logger.rb:38:in `call_app'
  railties (4.0.5) lib/rails/rack/logger.rb:20:in `block in call'
  activesupport (4.0.5) lib/active_support/tagged_logging.rb:68:in `block in tagged'
  activesupport (4.0.5) lib/active_support/tagged_logging.rb:26:in `tagged'
  activesupport (4.0.5) lib/active_support/tagged_logging.rb:68:in `tagged'
  railties (4.0.5) lib/rails/rack/logger.rb:20:in `call'
  quiet_assets (1.0.3) lib/quiet_assets.rb:23:in `call_with_quiet_assets'
  actionpack (4.0.5) lib/action_dispatch/middleware/request_id.rb:21:in `call'
  rack (1.5.2) lib/rack/methodoverride.rb:21:in `call'
  rack (1.5.2) lib/rack/runtime.rb:17:in `call'
  activesupport (4.0.5) lib/active_support/cache/strategy/local_cache.rb:83:in `call'
  rack (1.5.2) lib/rack/lock.rb:17:in `call'
  actionpack (4.0.5) lib/action_dispatch/middleware/static.rb:64:in `call'
  rack (1.5.2) lib/rack/sendfile.rb:112:in `call'
  railties (4.0.5) lib/rails/engine.rb:511:in `call'
  railties (4.0.5) lib/rails/application.rb:97:in `call'
  rack (1.5.2) lib/rack/lock.rb:17:in `call'
  rack (1.5.2) lib/rack/content_length.rb:14:in `call'
  rack (1.5.2) lib/rack/handler/webrick.rb:60:in `service'
  /Users/katagirimaya/.rbenv/versions/2.0.0-p481/lib/ruby/2.0.0/webrick/httpserver.rb:138:in `service'
  /Users/katagirimaya/.rbenv/versions/2.0.0-p481/lib/ruby/2.0.0/webrick/httpserver.rb:94:in `run'
  /Users/katagirimaya/.rbenv/versions/2.0.0-p481/lib/ruby/2.0.0/webrick/server.rb:295:in `block in start_thread'


  Rendered /Users/katagirimaya/.rbenv/versions/2.0.0-p481/lib/ruby/gems/2.0.0/gems/actionpack-4.0.5/lib/action_dispatch/middleware/templates/rescues/_trace.erb (1.3ms)
  Rendered /Users/katagirimaya/.rbenv/versions/2.0.0-p481/lib/ruby/gems/2.0.0/gems/actionpack-4.0.5/lib/action_dispatch/middleware/templates/routes/_route.html.erb (0.9ms)
  Rendered /Users/katagirimaya/.rbenv/versions/2.0.0-p481/lib/ruby/gems/2.0.0/gems/actionpack-4.0.5/lib/action_dispatch/middleware/templates/routes/_table.html.erb (2.2ms)
  Rendered /Users/katagirimaya/.rbenv/versions/2.0.0-p481/lib/ruby/gems/2.0.0/gems/actionpack-4.0.5/lib/action_dispatch/middleware/templates/rescues/routing_error.erb within rescues/layout (26.7ms)
